{
  "RSpec": {
    "coverage": {
      "/home/akibuddin/practice/odin-facebook/spec/features/comment_spec.rb": {
        "lines": [
          1,
          1,
          6,
          6,
          6,
          null,
          1,
          1,
          3,
          3,
          3,
          0,
          0,
          0,
          null,
          null,
          1,
          0,
          null,
          1,
          0,
          null,
          null,
          1,
          0,
          null,
          null,
          null,
          1,
          1,
          2,
          2,
          2,
          0,
          0,
          0,
          null,
          null,
          1,
          0,
          null,
          null,
          1,
          0,
          null,
          null,
          null
        ]
      },
      "/home/akibuddin/practice/odin-facebook/spec/rails_helper.rb": {
        "lines": [
          null,
          1,
          1,
          1,
          null,
          1,
          1,
          null,
          null,
          null,
          null,
          null,
          null,
          null,
          null,
          null,
          null,
          null,
          null,
          null,
          null,
          null,
          null,
          null,
          null,
          null,
          null,
          1,
          null,
          0,
          null,
          1,
          null,
          1,
          null,
          null,
          null,
          null,
          1,
          null,
          null,
          null,
          null,
          null,
          null,
          null,
          null,
          null,
          null,
          null,
          null,
          null,
          null,
          null,
          null,
          null,
          1,
          null,
          null,
          1,
          null,
          null,
          1,
          null
        ]
      },
      "/home/akibuddin/practice/odin-facebook/config/environment.rb": {
        "lines": [
          null,
          1,
          null,
          null,
          1
        ]
      },
      "/home/akibuddin/practice/odin-facebook/config/application.rb": {
        "lines": [
          1,
          null,
          1,
          null,
          null,
          null,
          1,
          null,
          1,
          1,
          null,
          1,
          null,
          null,
          null,
          null,
          null,
          null,
          null,
          null,
          null,
          null
        ]
      },
      "/home/akibuddin/practice/odin-facebook/config/boot.rb": {
        "lines": [
          1,
          null,
          1,
          1
        ]
      },
      "/home/akibuddin/practice/odin-facebook/config/environments/test.rb": {
        "lines": [
          1,
          null,
          null,
          null,
          null,
          null,
          null,
          1,
          null,
          null,
          null,
          1,
          null,
          null,
          null,
          null,
          1,
          null,
          null,
          1,
          1,
          null,
          null,
          null,
          null,
          1,
          1,
          1,
          null,
          null,
          1,
          null,
          null,
          1,
          null,
          null,
          1,
          null,
          1,
          null,
          null,
          null,
          null,
          1,
          null,
          null,
          1,
          null,
          null,
          1,
          null,
          null,
          1,
          null,
          null,
          null,
          null,
          null,
          null,
          null
        ]
      },
      "/home/akibuddin/practice/odin-facebook/config/initializers/assets.rb": {
        "lines": [
          null,
          null,
          null,
          1,
          null,
          null,
          null,
          null,
          null,
          null,
          null,
          null
        ]
      },
      "/home/akibuddin/practice/odin-facebook/config/initializers/content_security_policy.rb": {
        "lines": [
          null,
          null,
          null,
          null,
          null,
          null,
          null,
          null,
          null,
          null,
          null,
          null,
          null,
          null,
          null,
          null,
          null,
          null,
          null,
          null,
          null,
          null,
          null,
          null,
          null
        ]
      },
      "/home/akibuddin/practice/odin-facebook/config/initializers/devise.rb": {
        "lines": [
          null,
          null,
          null,
          null,
          null,
          null,
          null,
          null,
          null,
          null,
          1,
          null,
          null,
          null,
          null,
          null,
          null,
          null,
          null,
          null,
          null,
          null,
          null,
          null,
          null,
          null,
          1,
          null,
          null,
          null,
          null,
          null,
          null,
          null,
          null,
          null,
          null,
          null,
          1,
          null,
          null,
          null,
          null,
          null,
          null,
          null,
          null,
          null,
          1,
          null,
          null,
          null,
          null,
          null,
          null,
          null,
          null,
          null,
          null,
          null,
          1,
          null,
          null,
          null,
          null,
          1,
          null,
          null,
          null,
          null,
          null,
          null,
          null,
          null,
          null,
          null,
          null,
          null,
          null,
          null,
          null,
          null,
          null,
          null,
          null,
          null,
          null,
          null,
          null,
          null,
          null,
          null,
          null,
          null,
          null,
          null,
          null,
          null,
          null,
          1,
          null,
          null,
          null,
          null,
          null,
          null,
          null,
          null,
          null,
          null,
          null,
          null,
          null,
          null,
          null,
          null,
          null,
          null,
          null,
          null,
          null,
          null,
          null,
          null,
          null,
          1,
          null,
          null,
          null,
          null,
          null,
          null,
          null,
          null,
          null,
          null,
          null,
          null,
          null,
          null,
          null,
          null,
          null,
          null,
          null,
          null,
          null,
          null,
          null,
          null,
          null,
          null,
          null,
          null,
          null,
          null,
          null,
          null,
          null,
          1,
          null,
          null,
          null,
          null,
          null,
          null,
          null,
          null,
          null,
          1,
          null,
          null,
          null,
          null,
          null,
          null,
          null,
          null,
          null,
          null,
          1,
          null,
          null,
          null,
          null,
          1,
          null,
          null,
          null,
          null,
          null,
          null,
          null,
          null,
          null,
          null,
          null,
          null,
          null,
          null,
          null,
          null,
          null,
          null,
          null,
          null,
          null,
          null,
          null,
          null,
          null,
          null,
          null,
          null,
          null,
          null,
          null,
          null,
          null,
          null,
          null,
          null,
          null,
          null,
          null,
          null,
          1,
          null,
          null,
          null,
          null,
          null,
          null,
          null,
          null,
          null,
          null,
          null,
          null,
          null,
          null,
          null,
          null,
          null,
          null,
          null,
          null,
          null,
          null,
          null,
          null,
          null,
          null,
          null,
          null,
          null,
          null,
          null,
          null,
          null,
          null,
          null,
          null,
          null,
          null,
          null,
          null,
          null,
          1,
          null,
          null,
          null,
          null,
          null,
          null,
          null,
          null,
          null,
          null,
          null,
          null,
          null,
          null,
          null,
          null,
          null,
          null,
          null,
          null,
          null,
          null,
          null,
          null,
          null,
          null,
          null,
          null,
          null,
          null,
          null,
          null,
          null,
          null,
          null,
          null,
          null,
          null,
          null,
          null,
          null,
          null,
          null,
          null,
          1,
          null
        ]
      },
      "/home/akibuddin/practice/odin-facebook/config/initializers/filter_parameter_logging.rb": {
        "lines": [
          null,
          null,
          null,
          null,
          null,
          1,
          null,
          null
        ]
      },
      "/home/akibuddin/practice/odin-facebook/config/initializers/inflections.rb": {
        "lines": [
          null,
          null,
          null,
          null,
          null,
          null,
          null,
          null,
          null,
          null,
          null,
          null,
          null,
          null,
          null,
          null
        ]
      },
      "/home/akibuddin/practice/odin-facebook/config/initializers/permissions_policy.rb": {
        "lines": [
          null,
          null,
          null,
          null,
          null,
          null,
          null,
          null,
          null,
          null,
          null
        ]
      },
      "/home/akibuddin/practice/odin-facebook/spec/factories/comments.rb": {
        "lines": [
          1,
          1,
          1,
          1,
          null,
          null
        ]
      },
      "/home/akibuddin/practice/odin-facebook/spec/factories/likes.rb": {
        "lines": [
          1,
          1,
          1,
          null,
          null
        ]
      },
      "/home/akibuddin/practice/odin-facebook/spec/factories/posts.rb": {
        "lines": [
          1,
          1,
          1,
          12,
          null,
          null
        ]
      },
      "/home/akibuddin/practice/odin-facebook/spec/factories/profiles.rb": {
        "lines": [
          1,
          1,
          1,
          1,
          1,
          1,
          null,
          null
        ]
      },
      "/home/akibuddin/practice/odin-facebook/spec/factories/users.rb": {
        "lines": [
          1,
          1,
          62,
          62,
          62,
          1,
          null,
          null
        ]
      },
      "/home/akibuddin/practice/odin-facebook/config/routes.rb": {
        "lines": [
          1,
          1,
          1,
          1,
          1,
          1,
          1,
          null,
          null,
          1,
          1,
          1,
          null,
          1,
          null
        ]
      },
      "/home/akibuddin/practice/odin-facebook/app/models/user.rb": {
        "lines": [
          1,
          1,
          1,
          null,
          null,
          1,
          null,
          null,
          1,
          1,
          1,
          1,
          1,
          1,
          1,
          null,
          1,
          null,
          1,
          null,
          1,
          null,
          1,
          1,
          null,
          1,
          25,
          null,
          null,
          1,
          59,
          null,
          null,
          1,
          30,
          null,
          null,
          1,
          25,
          null,
          null,
          null,
          1,
          31,
          null,
          null,
          1,
          23,
          null,
          null
        ]
      },
      "/home/akibuddin/practice/odin-facebook/app/models/application_record.rb": {
        "lines": [
          1,
          1,
          null
        ]
      },
      "/home/akibuddin/practice/odin-facebook/app/helpers/application_helper.rb": {
        "lines": [
          1,
          null
        ]
      },
      "/home/akibuddin/practice/odin-facebook/app/helpers/comments_helper.rb": {
        "lines": [
          1,
          null
        ]
      },
      "/home/akibuddin/practice/odin-facebook/app/helpers/friend_requests_helper.rb": {
        "lines": [
          1,
          null
        ]
      },
      "/home/akibuddin/practice/odin-facebook/app/helpers/friendships_helper.rb": {
        "lines": [
          1,
          null
        ]
      },
      "/home/akibuddin/practice/odin-facebook/app/helpers/likes_helper.rb": {
        "lines": [
          1,
          null
        ]
      },
      "/home/akibuddin/practice/odin-facebook/app/helpers/posts_helper.rb": {
        "lines": [
          1,
          null
        ]
      },
      "/home/akibuddin/practice/odin-facebook/app/helpers/profiles_helper.rb": {
        "lines": [
          1,
          null
        ]
      },
      "/home/akibuddin/practice/odin-facebook/spec/features/friend_request_spec.rb": {
        "lines": [
          1,
          1,
          11,
          11,
          null,
          1,
          1,
          4,
          4,
          null,
          null,
          1,
          2,
          2,
          null,
          null,
          1,
          2,
          2,
          null,
          null,
          1,
          2,
          2,
          null,
          null,
          1,
          1,
          1,
          1,
          null,
          null,
          null,
          1,
          1,
          1,
          1,
          1,
          1,
          1,
          null,
          null,
          1,
          1,
          1,
          null,
          null,
          null,
          1,
          1,
          3,
          3,
          3,
          3,
          3,
          null,
          null,
          1,
          2,
          2,
          null,
          null,
          1,
          2,
          2,
          null,
          null,
          1,
          2,
          2,
          null,
          null,
          null,
          1,
          1,
          1,
          1,
          1,
          null,
          null,
          1,
          1,
          1,
          1,
          1,
          null,
          null,
          null,
          1,
          1,
          1,
          1,
          1,
          1,
          1,
          null,
          null,
          1,
          1,
          1,
          1,
          null,
          null,
          null
        ]
      },
      "/home/akibuddin/practice/odin-facebook/spec/features/friendship_spec.rb": {
        "lines": [
          1,
          1,
          7,
          7,
          null,
          1,
          1,
          6,
          6,
          6,
          6,
          6,
          6,
          null,
          null,
          1,
          1,
          1,
          null,
          null,
          1,
          1,
          1,
          null,
          null,
          1,
          1,
          1,
          null,
          null,
          1,
          1,
          1,
          null,
          null,
          1,
          1,
          1,
          null,
          null,
          1,
          1,
          1,
          null,
          null,
          null
        ]
      },
      "/home/akibuddin/practice/odin-facebook/spec/features/like_spec.rb": {
        "lines": [
          1,
          1,
          7,
          7,
          1,
          1,
          4,
          4,
          4,
          null,
          1,
          1,
          null,
          1,
          1,
          null,
          null,
          1,
          1,
          1,
          null,
          null,
          1,
          1,
          1,
          null,
          null,
          null,
          1,
          1,
          2,
          2,
          2,
          2,
          null,
          null,
          1,
          1,
          1,
          1,
          null,
          null,
          1,
          1,
          1,
          1,
          null,
          null,
          null
        ]
      },
      "/home/akibuddin/practice/odin-facebook/spec/features/post_spec.rb": {
        "lines": [
          1,
          1,
          4,
          1,
          3,
          3,
          3,
          3,
          3,
          null,
          null,
          1,
          1,
          1,
          null,
          null,
          1,
          1,
          null,
          null,
          null,
          1,
          1,
          1,
          null,
          null,
          null
        ]
      },
      "/home/akibuddin/practice/odin-facebook/spec/features/user_spec.rb": {
        "lines": [
          1,
          1,
          6,
          6,
          1,
          1,
          1,
          1,
          null,
          null,
          null,
          1,
          1,
          1,
          1,
          1,
          null,
          null,
          null,
          1,
          1,
          1,
          1,
          null,
          null,
          1,
          1,
          null,
          null,
          null,
          1,
          1,
          2,
          2,
          null,
          1,
          1,
          null,
          null,
          1,
          1,
          null,
          null,
          null,
          null,
          null
        ]
      },
      "/home/akibuddin/practice/odin-facebook/spec/helpers/comments_helper_spec.rb": {
        "lines": [
          1,
          null,
          null,
          null,
          null,
          null,
          null,
          null,
          null,
          null,
          null,
          null,
          1,
          1,
          null
        ]
      },
      "/home/akibuddin/practice/odin-facebook/spec/helpers/likes_helper_spec.rb": {
        "lines": [
          1,
          null,
          null,
          null,
          null,
          null,
          null,
          null,
          null,
          null,
          null,
          null,
          1,
          1,
          null
        ]
      },
      "/home/akibuddin/practice/odin-facebook/spec/helpers/profiles_helper_spec.rb": {
        "lines": [
          1,
          null,
          null,
          null,
          null,
          null,
          null,
          null,
          null,
          null,
          null,
          null,
          1,
          1,
          null
        ]
      },
      "/home/akibuddin/practice/odin-facebook/spec/models/comment_spec.rb": {
        "lines": [
          1,
          null,
          1,
          1,
          null
        ]
      },
      "/home/akibuddin/practice/odin-facebook/app/models/comment.rb": {
        "lines": [
          1,
          1,
          1,
          null,
          1,
          null,
          1,
          0,
          null,
          null
        ]
      },
      "/home/akibuddin/practice/odin-facebook/spec/models/like_spec.rb": {
        "lines": [
          1,
          null,
          1,
          1,
          null
        ]
      },
      "/home/akibuddin/practice/odin-facebook/app/models/like.rb": {
        "lines": [
          1,
          1,
          1,
          null
        ]
      },
      "/home/akibuddin/practice/odin-facebook/spec/models/profile_spec.rb": {
        "lines": [
          1,
          null,
          1,
          1,
          null
        ]
      },
      "/home/akibuddin/practice/odin-facebook/app/models/profile.rb": {
        "lines": [
          1,
          1,
          null,
          1,
          0,
          null,
          null,
          1,
          0,
          null,
          null,
          1,
          0,
          null,
          null,
          1,
          0,
          null,
          null
        ]
      },
      "/home/akibuddin/practice/odin-facebook/spec/requests/comments_spec.rb": {
        "lines": [
          1,
          null,
          1,
          1,
          1,
          null,
          null
        ]
      },
      "/home/akibuddin/practice/odin-facebook/spec/requests/likes_spec.rb": {
        "lines": [
          1,
          null,
          1,
          1,
          1,
          null,
          null
        ]
      },
      "/home/akibuddin/practice/odin-facebook/spec/requests/profiles_spec.rb": {
        "lines": [
          1,
          null,
          1,
          1,
          1,
          null,
          null
        ]
      },
      "/home/akibuddin/practice/odin-facebook/app/models/post.rb": {
        "lines": [
          1,
          1,
          1,
          1,
          null,
          1,
          null,
          1,
          20,
          null,
          null,
          1,
          24,
          null,
          null,
          1,
          20,
          null,
          null
        ]
      },
      "/home/akibuddin/practice/odin-facebook/app/controllers/posts_controller.rb": {
        "lines": [
          1,
          null,
          1,
          7,
          null,
          null,
          1,
          17,
          null,
          null,
          1,
          3,
          null,
          null,
          1,
          3,
          null,
          3,
          3,
          3,
          null,
          0,
          0,
          null,
          null,
          null,
          1,
          null,
          1,
          3,
          null,
          null
        ]
      },
      "/home/akibuddin/practice/odin-facebook/app/controllers/application_controller.rb": {
        "lines": [
          1,
          1,
          1,
          1,
          null,
          1,
          1,
          1,
          1,
          1,
          null,
          null,
          1,
          null,
          null,
          1,
          0,
          null,
          null
        ]
      },
      "/home/akibuddin/practice/odin-facebook/app/models/friend_request.rb": {
        "lines": [
          1,
          1,
          1,
          null
        ]
      },
      "/home/akibuddin/practice/odin-facebook/app/controllers/users_controller.rb": {
        "lines": [
          1,
          1,
          0,
          null,
          null,
          1,
          25,
          null,
          null
        ]
      },
      "/home/akibuddin/practice/odin-facebook/app/models/friendship.rb": {
        "lines": [
          1,
          1,
          1,
          null
        ]
      },
      "/home/akibuddin/practice/odin-facebook/app/controllers/friend_requests_controller.rb": {
        "lines": [
          1,
          null,
          1,
          12,
          null,
          null,
          1,
          0,
          null,
          null,
          1,
          16,
          null,
          16,
          16,
          null,
          0,
          null,
          null,
          null,
          1,
          2,
          2,
          null,
          null,
          1,
          null,
          1,
          18,
          null,
          null
        ]
      },
      "/home/akibuddin/practice/odin-facebook/app/controllers/friendships_controller.rb": {
        "lines": [
          1,
          null,
          1,
          4,
          4,
          null,
          null,
          1,
          0,
          null,
          null,
          1,
          9,
          null,
          9,
          9,
          null,
          null,
          0,
          null,
          null,
          null,
          null,
          null,
          1,
          0,
          null,
          null,
          null,
          0,
          null,
          null,
          1,
          null,
          1,
          18,
          null,
          null
        ]
      },
      "/home/akibuddin/practice/odin-facebook/app/services/friend_request_destroyer.rb": {
        "lines": [
          1,
          1,
          null,
          1,
          9,
          9,
          null,
          null,
          1,
          9,
          null,
          null
        ]
      },
      "/home/akibuddin/practice/odin-facebook/app/services/application_service.rb": {
        "lines": [
          1,
          1,
          9,
          null,
          null
        ]
      },
      "/home/akibuddin/practice/odin-facebook/app/controllers/likes_controller.rb": {
        "lines": [
          1,
          null,
          1,
          0,
          null,
          null,
          1,
          6,
          6,
          null,
          null,
          1,
          2,
          2,
          2,
          null,
          null,
          null,
          null,
          1,
          null,
          1,
          8,
          null,
          null
        ]
      }
    },
    "timestamp": 1667641961
  }
}
